{"/home/sunitha/workspace/interviews/manulife-move-rest-api/src/main.ts": {"path":"/home/sunitha/workspace/interviews/manulife-move-rest-api/src/main.ts","statementMap":{"0":{"start":{"line":1,"column":0},"end":{"line":1,"column":43}},"1":{"start":{"line":2,"column":0},"end":{"line":2,"column":71}},"2":{"start":{"line":3,"column":0},"end":{"line":3,"column":48}},"3":{"start":{"line":4,"column":0},"end":{"line":4,"column":44}},"4":{"start":{"line":5,"column":0},"end":{"line":5,"column":68}},"5":{"start":{"line":8,"column":14},"end":{"line":8,"column":49}},"6":{"start":{"line":9,"column":2},"end":{"line":12,"column":5}},"7":{"start":{"line":13,"column":2},"end":{"line":13,"column":43}},"8":{"start":{"line":14,"column":2},"end":{"line":14,"column":41}},"9":{"start":{"line":15,"column":2},"end":{"line":15,"column":25}},"10":{"start":{"line":17,"column":0},"end":{"line":17,"column":12}}},"fnMap":{"0":{"name":"bootstrap","decl":{"start":{"line":7,"column":15},"end":{"line":7,"column":24}},"loc":{"start":{"line":7,"column":24},"end":{"line":16,"column":1}}}},"branchMap":{},"s":{"0":0,"1":0,"2":0,"3":0,"4":0,"5":0,"6":0,"7":0,"8":0,"9":0,"10":0},"f":{"0":0},"b":{}}
,"/home/sunitha/workspace/interviews/manulife-move-rest-api/src/app/app.controller.ts": {"path":"/home/sunitha/workspace/interviews/manulife-move-rest-api/src/app/app.controller.ts","statementMap":{"0":{"start":{"line":1,"column":0},"end":{"line":1,"column":49}},"1":{"start":{"line":2,"column":0},"end":{"line":2,"column":46}},"2":{"start":{"line":5,"column":0},"end":{"line":12,"column":null}},"3":{"start":{"line":6,"column":31},"end":{"line":6,"column":43}},"4":{"start":{"line":10,"column":4},"end":{"line":10,"column":38}},"5":{"start":{"line":9,"column":2},"end":{"line":11,"column":null}},"6":{"start":{"line":5,"column":13},"end":{"line":12,"column":null}},"7":{"start":{"line":5,"column":13},"end":{"line":5,"column":26}}},"fnMap":{"0":{"name":"(anonymous_2)","decl":{"start":{"line":6,"column":2},"end":{"line":6,"column":31}},"loc":{"start":{"line":6,"column":53},"end":{"line":6,"column":57}}},"1":{"name":"(anonymous_3)","decl":{"start":{"line":9,"column":2},"end":{"line":9,"column":10}},"loc":{"start":{"line":9,"column":10},"end":{"line":11,"column":3}}}},"branchMap":{},"s":{"0":0,"1":0,"2":0,"3":0,"4":0,"5":0,"6":0,"7":0},"f":{"0":0,"1":0},"b":{}}
,"/home/sunitha/workspace/interviews/manulife-move-rest-api/src/app/app.module.ts": {"path":"/home/sunitha/workspace/interviews/manulife-move-rest-api/src/app/app.module.ts","statementMap":{"0":{"start":{"line":1,"column":0},"end":{"line":1,"column":40}},"1":{"start":{"line":2,"column":0},"end":{"line":2,"column":52}},"2":{"start":{"line":3,"column":0},"end":{"line":3,"column":46}},"3":{"start":{"line":4,"column":0},"end":{"line":4,"column":52}},"4":{"start":{"line":5,"column":0},"end":{"line":5,"column":50}},"5":{"start":{"line":6,"column":0},"end":{"line":6,"column":56}},"6":{"start":{"line":12,"column":0},"end":{"line":12,"column":null}},"7":{"start":{"line":12,"column":13},"end":{"line":12,"column":null}},"8":{"start":{"line":12,"column":13},"end":{"line":12,"column":22}}},"fnMap":{},"branchMap":{},"s":{"0":0,"1":0,"2":0,"3":0,"4":0,"5":0,"6":0,"7":0,"8":0},"f":{},"b":{}}
,"/home/sunitha/workspace/interviews/manulife-move-rest-api/src/app/app.service.ts": {"path":"/home/sunitha/workspace/interviews/manulife-move-rest-api/src/app/app.service.ts","statementMap":{"0":{"start":{"line":1,"column":0},"end":{"line":1,"column":44}},"1":{"start":{"line":4,"column":0},"end":{"line":8,"column":null}},"2":{"start":{"line":6,"column":4},"end":{"line":6,"column":26}},"3":{"start":{"line":4,"column":13},"end":{"line":8,"column":null}},"4":{"start":{"line":4,"column":13},"end":{"line":4,"column":23}}},"fnMap":{"0":{"name":"(anonymous_1)","decl":{"start":{"line":5,"column":2},"end":{"line":5,"column":10}},"loc":{"start":{"line":5,"column":10},"end":{"line":7,"column":3}}}},"branchMap":{},"s":{"0":0,"1":0,"2":0,"3":0,"4":0},"f":{"0":0},"b":{}}
,"/home/sunitha/workspace/interviews/manulife-move-rest-api/src/app/configs/upload.config.ts": {"path":"/home/sunitha/workspace/interviews/manulife-move-rest-api/src/app/configs/upload.config.ts","statementMap":{"0":{"start":{"line":1,"column":0},"end":{"line":1,"column":31}},"1":{"start":{"line":2,"column":0},"end":{"line":2,"column":43}},"2":{"start":{"line":3,"column":0},"end":{"line":3,"column":37}},"3":{"start":{"line":4,"column":0},"end":{"line":4,"column":34}},"4":{"start":{"line":5,"column":0},"end":{"line":5,"column":59}},"5":{"start":{"line":6,"column":0},"end":{"line":6,"column":56}},"6":{"start":{"line":7,"column":13},"end":{"line":41,"column":2}},"7":{"start":{"line":13,"column":4},"end":{"line":23,"column":null}},"8":{"start":{"line":14,"column":6},"end":{"line":14,"column":21}},"9":{"start":{"line":16,"column":6},"end":{"line":22,"column":8}},"10":{"start":{"line":29,"column":25},"end":{"line":29,"column":52}},"11":{"start":{"line":31,"column":6},"end":{"line":33,"column":null}},"12":{"start":{"line":32,"column":8},"end":{"line":32,"column":30}},"13":{"start":{"line":34,"column":6},"end":{"line":34,"column":27}},"14":{"start":{"line":38,"column":6},"end":{"line":38,"column":57}}},"fnMap":{"0":{"name":"(anonymous_0)","decl":{"start":{"line":12,"column":14},"end":{"line":12,"column":15}},"loc":{"start":{"line":12,"column":32},"end":{"line":24,"column":3}}},"1":{"name":"(anonymous_1)","decl":{"start":{"line":28,"column":17},"end":{"line":28,"column":18}},"loc":{"start":{"line":28,"column":35},"end":{"line":35,"column":5}}},"2":{"name":"(anonymous_2)","decl":{"start":{"line":36,"column":14},"end":{"line":36,"column":15}},"loc":{"start":{"line":36,"column":32},"end":{"line":39,"column":5}}}},"branchMap":{"0":{"loc":{"start":{"line":13,"column":4},"end":{"line":23,"column":null}},"type":"if","locations":[{"start":{"line":13,"column":4},"end":{"line":23,"column":null}},{"start":{"line":13,"column":4},"end":{"line":23,"column":null}}]},"1":{"loc":{"start":{"line":31,"column":6},"end":{"line":33,"column":null}},"type":"if","locations":[{"start":{"line":31,"column":6},"end":{"line":33,"column":null}},{"start":{"line":31,"column":6},"end":{"line":33,"column":null}}]}},"s":{"0":0,"1":0,"2":0,"3":0,"4":0,"5":0,"6":0,"7":0,"8":0,"9":0,"10":0,"11":0,"12":0,"13":0,"14":0},"f":{"0":0,"1":0,"2":0},"b":{"0":[0,0],"1":[0,0]}}
,"/home/sunitha/workspace/interviews/manulife-move-rest-api/src/app/constants/topic.constant.ts": {"path":"/home/sunitha/workspace/interviews/manulife-move-rest-api/src/app/constants/topic.constant.ts","statementMap":{"0":{"start":{"line":1,"column":13},"end":{"line":3,"column":2}}},"fnMap":{},"branchMap":{},"s":{"0":0},"f":{},"b":{}}
,"/home/sunitha/workspace/interviews/manulife-move-rest-api/src/app/controllers/sales.controller.ts": {"path":"/home/sunitha/workspace/interviews/manulife-move-rest-api/src/app/controllers/sales.controller.ts","statementMap":{"0":{"start":{"line":1,"column":0},"end":{"line":1,"column":null}},"1":{"start":{"line":12,"column":0},"end":{"line":12,"column":59}},"2":{"start":{"line":13,"column":0},"end":{"line":13,"column":64}},"3":{"start":{"line":14,"column":0},"end":{"line":14,"column":55}},"4":{"start":{"line":15,"column":0},"end":{"line":15,"column":55}},"5":{"start":{"line":16,"column":0},"end":{"line":16,"column":53}},"6":{"start":{"line":17,"column":0},"end":{"line":17,"column":55}},"7":{"start":{"line":18,"column":0},"end":{"line":18,"column":51}},"8":{"start":{"line":21,"column":0},"end":{"line":50,"column":null}},"9":{"start":{"line":23,"column":21},"end":{"line":23,"column":35}},"10":{"start":{"line":24,"column":12},"end":{"line":24,"column":26}},"11":{"start":{"line":28,"column":4},"end":{"line":28,"column":32}},"12":{"start":{"line":34,"column":4},"end":{"line":36,"column":null}},"13":{"start":{"line":35,"column":6},"end":{"line":35,"column":73}},"14":{"start":{"line":37,"column":4},"end":{"line":37,"column":45}},"15":{"start":{"line":42,"column":4},"end":{"line":42,"column":23}},"16":{"start":{"line":43,"column":4},"end":{"line":43,"column":47}},"17":{"start":{"line":48,"column":4},"end":{"line":48,"column":56}},"18":{"start":{"line":33,"column":2},"end":{"line":38,"column":null}},"19":{"start":{"line":41,"column":2},"end":{"line":44,"column":null}},"20":{"start":{"line":47,"column":2},"end":{"line":49,"column":null}},"21":{"start":{"line":21,"column":13},"end":{"line":50,"column":null}},"22":{"start":{"line":21,"column":13},"end":{"line":21,"column":28}}},"fnMap":{"0":{"name":"(anonymous_4)","decl":{"start":{"line":22,"column":2},"end":{"line":22,"column":null}},"loc":{"start":{"line":24,"column":38},"end":{"line":25,"column":6}}},"1":{"name":"(anonymous_5)","decl":{"start":{"line":27,"column":2},"end":{"line":27,"column":7}},"loc":{"start":{"line":27,"column":20},"end":{"line":29,"column":3}}},"2":{"name":"(anonymous_6)","decl":{"start":{"line":33,"column":2},"end":{"line":33,"column":7}},"loc":{"start":{"line":33,"column":60},"end":{"line":38,"column":3}}},"3":{"name":"(anonymous_7)","decl":{"start":{"line":41,"column":2},"end":{"line":41,"column":12}},"loc":{"start":{"line":41,"column":43},"end":{"line":44,"column":3}}},"4":{"name":"(anonymous_8)","decl":{"start":{"line":47,"column":2},"end":{"line":47,"column":27}},"loc":{"start":{"line":47,"column":46},"end":{"line":49,"column":3}}}},"branchMap":{"0":{"loc":{"start":{"line":34,"column":4},"end":{"line":36,"column":null}},"type":"if","locations":[{"start":{"line":34,"column":4},"end":{"line":36,"column":null}},{"start":{"line":34,"column":4},"end":{"line":36,"column":null}}]}},"s":{"0":0,"1":0,"2":0,"3":0,"4":0,"5":0,"6":0,"7":0,"8":0,"9":0,"10":0,"11":0,"12":0,"13":0,"14":0,"15":0,"16":0,"17":0,"18":0,"19":0,"20":0,"21":0,"22":0},"f":{"0":0,"1":0,"2":0,"3":0,"4":0},"b":{"0":[0,0]}}
,"/home/sunitha/workspace/interviews/manulife-move-rest-api/src/app/events/consumers/consumer.config.ts": {"path":"/home/sunitha/workspace/interviews/manulife-move-rest-api/src/app/events/consumers/consumer.config.ts","statementMap":{"0":{"start":{"line":1,"column":0},"end":{"line":1,"column":56}},"1":{"start":{"line":2,"column":13},"end":{"line":11,"column":2}}},"fnMap":{},"branchMap":{},"s":{"0":0,"1":0},"f":{},"b":{}}
,"/home/sunitha/workspace/interviews/manulife-move-rest-api/src/app/events/producers/producer.config.ts": {"path":"/home/sunitha/workspace/interviews/manulife-move-rest-api/src/app/events/producers/producer.config.ts","statementMap":{"0":{"start":{"line":1,"column":0},"end":{"line":1,"column":56}},"1":{"start":{"line":2,"column":13},"end":{"line":12,"column":2}}},"fnMap":{},"branchMap":{},"s":{"0":0,"1":0},"f":{},"b":{}}
,"/home/sunitha/workspace/interviews/manulife-move-rest-api/src/app/models/sales.model.ts": {"path":"/home/sunitha/workspace/interviews/manulife-move-rest-api/src/app/models/sales.model.ts","statementMap":{"0":{"start":{"line":1,"column":0},"end":{"line":1,"column":59}},"1":{"start":{"line":6,"column":2},"end":{"line":6,"column":null}},"2":{"start":{"line":9,"column":2},"end":{"line":9,"column":null}},"3":{"start":{"line":3,"column":0},"end":{"line":3,"column":13}},"4":{"start":{"line":12,"column":0},"end":{"line":12,"column":13}}},"fnMap":{},"branchMap":{},"s":{"0":0,"1":0,"2":0,"3":0,"4":0},"f":{},"b":{}}
,"/home/sunitha/workspace/interviews/manulife-move-rest-api/src/app/modules/sales.module.ts": {"path":"/home/sunitha/workspace/interviews/manulife-move-rest-api/src/app/modules/sales.module.ts","statementMap":{"0":{"start":{"line":1,"column":0},"end":{"line":1,"column":40}},"1":{"start":{"line":2,"column":0},"end":{"line":2,"column":64}},"2":{"start":{"line":3,"column":0},"end":{"line":3,"column":55}},"3":{"start":{"line":4,"column":0},"end":{"line":4,"column":55}},"4":{"start":{"line":5,"column":0},"end":{"line":5,"column":50}},"5":{"start":{"line":6,"column":0},"end":{"line":6,"column":44}},"6":{"start":{"line":7,"column":0},"end":{"line":7,"column":77}},"7":{"start":{"line":22,"column":0},"end":{"line":22,"column":null}},"8":{"start":{"line":22,"column":13},"end":{"line":22,"column":null}},"9":{"start":{"line":22,"column":13},"end":{"line":22,"column":24}}},"fnMap":{},"branchMap":{},"s":{"0":0,"1":0,"2":0,"3":0,"4":0,"5":0,"6":0,"7":0,"8":0,"9":0},"f":{},"b":{}}
,"/home/sunitha/workspace/interviews/manulife-move-rest-api/src/app/schemas/sales/sales.schema.ts": {"path":"/home/sunitha/workspace/interviews/manulife-move-rest-api/src/app/schemas/sales/sales.schema.ts","statementMap":{"0":{"start":{"line":1,"column":0},"end":{"line":1,"column":63}},"1":{"start":{"line":7,"column":0},"end":{"line":22,"column":null}},"2":{"start":{"line":9,"column":2},"end":{"line":9,"column":null}},"3":{"start":{"line":11,"column":2},"end":{"line":11,"column":null}},"4":{"start":{"line":13,"column":2},"end":{"line":13,"column":null}},"5":{"start":{"line":15,"column":2},"end":{"line":15,"column":null}},"6":{"start":{"line":17,"column":2},"end":{"line":17,"column":null}},"7":{"start":{"line":19,"column":2},"end":{"line":19,"column":null}},"8":{"start":{"line":21,"column":2},"end":{"line":21,"column":null}},"9":{"start":{"line":7,"column":13},"end":{"line":22,"column":null}},"10":{"start":{"line":7,"column":13},"end":{"line":7,"column":24}},"11":{"start":{"line":24,"column":13},"end":{"line":24,"column":75}}},"fnMap":{},"branchMap":{},"s":{"0":0,"1":0,"2":0,"3":0,"4":0,"5":0,"6":0,"7":0,"8":0,"9":0,"10":0,"11":0},"f":{},"b":{}}
,"/home/sunitha/workspace/interviews/manulife-move-rest-api/src/app/services/kafka.service.ts": {"path":"/home/sunitha/workspace/interviews/manulife-move-rest-api/src/app/services/kafka.service.ts","statementMap":{"0":{"start":{"line":1,"column":0},"end":{"line":1,"column":44}},"1":{"start":{"line":2,"column":0},"end":{"line":2,"column":71}},"2":{"start":{"line":3,"column":0},"end":{"line":3,"column":68}},"3":{"start":{"line":4,"column":0},"end":{"line":4,"column":51}},"4":{"start":{"line":6,"column":0},"end":{"line":21,"column":null}},"5":{"start":{"line":14,"column":4},"end":{"line":14,"column":59}},"6":{"start":{"line":15,"column":4},"end":{"line":15,"column":32}},"7":{"start":{"line":19,"column":4},"end":{"line":19,"column":58}},"8":{"start":{"line":11,"column":2},"end":{"line":11,"column":null}},"9":{"start":{"line":6,"column":13},"end":{"line":21,"column":null}},"10":{"start":{"line":6,"column":13},"end":{"line":6,"column":25}}},"fnMap":{"0":{"name":"(anonymous_2)","decl":{"start":{"line":13,"column":2},"end":{"line":13,"column":7}},"loc":{"start":{"line":13,"column":15},"end":{"line":16,"column":3}}},"1":{"name":"(anonymous_3)","decl":{"start":{"line":18,"column":2},"end":{"line":18,"column":11}},"loc":{"start":{"line":18,"column":19},"end":{"line":20,"column":3}}}},"branchMap":{},"s":{"0":0,"1":0,"2":0,"3":0,"4":0,"5":0,"6":0,"7":0,"8":0,"9":0,"10":0},"f":{"0":0,"1":0},"b":{}}
,"/home/sunitha/workspace/interviews/manulife-move-rest-api/src/app/services/sales.service.ts": {"path":"/home/sunitha/workspace/interviews/manulife-move-rest-api/src/app/services/sales.service.ts","statementMap":{"0":{"start":{"line":1,"column":0},"end":{"line":1,"column":52}},"1":{"start":{"line":2,"column":0},"end":{"line":2,"column":50}},"2":{"start":{"line":3,"column":0},"end":{"line":3,"column":44}},"3":{"start":{"line":4,"column":0},"end":{"line":4,"column":47}},"4":{"start":{"line":5,"column":0},"end":{"line":5,"column":33}},"5":{"start":{"line":6,"column":0},"end":{"line":6,"column":53}},"6":{"start":{"line":7,"column":0},"end":{"line":7,"column":79}},"7":{"start":{"line":10,"column":25},"end":{"line":104,"column":null}},"8":{"start":{"line":14,"column":21},"end":{"line":14,"column":36}},"9":{"start":{"line":15,"column":21},"end":{"line":15,"column":32}},"10":{"start":{"line":11,"column":19},"end":{"line":11,"column":58}},"11":{"start":{"line":20,"column":22},"end":{"line":20,"column":74}},"12":{"start":{"line":21,"column":20},"end":{"line":21,"column":68}},"13":{"start":{"line":22,"column":4},"end":{"line":41,"column":null}},"14":{"start":{"line":23,"column":6},"end":{"line":28,"column":8}},"15":{"start":{"line":29,"column":11},"end":{"line":41,"column":null}},"16":{"start":{"line":30,"column":6},"end":{"line":34,"column":8}},"17":{"start":{"line":35,"column":11},"end":{"line":41,"column":null}},"18":{"start":{"line":36,"column":6},"end":{"line":40,"column":8}},"19":{"start":{"line":42,"column":4},"end":{"line":42,"column":49}},"20":{"start":{"line":46,"column":4},"end":{"line":61,"column":null}},"21":{"start":{"line":47,"column":25},"end":{"line":47,"column":62}},"22":{"start":{"line":48,"column":27},"end":{"line":50,"column":8}},"23":{"start":{"line":49,"column":8},"end":{"line":49,"column":37}},"24":{"start":{"line":51,"column":6},"end":{"line":58,"column":8}},"25":{"start":{"line":53,"column":10},"end":{"line":53,"column":59}},"26":{"start":{"line":56,"column":10},"end":{"line":56,"column":58}},"27":{"start":{"line":60,"column":6},"end":{"line":60,"column":31}},"28":{"start":{"line":65,"column":26},"end":{"line":65,"column":49}},"29":{"start":{"line":66,"column":20},"end":{"line":66,"column":79}},"30":{"start":{"line":67,"column":25},"end":{"line":67,"column":49}},"31":{"start":{"line":68,"column":19},"end":{"line":68,"column":49}},"32":{"start":{"line":69,"column":4},"end":{"line":78,"column":6}},"33":{"start":{"line":71,"column":8},"end":{"line":71,"column":33}},"34":{"start":{"line":72,"column":8},"end":{"line":72,"column":22}},"35":{"start":{"line":75,"column":8},"end":{"line":75,"column":66}},"36":{"start":{"line":76,"column":8},"end":{"line":76,"column":19}},"37":{"start":{"line":82,"column":20},"end":{"line":82,"column":41}},"38":{"start":{"line":83,"column":24},"end":{"line":83,"column":44}},"39":{"start":{"line":84,"column":4},"end":{"line":84,"column":48}},"40":{"start":{"line":85,"column":4},"end":{"line":85,"column":45}},"41":{"start":{"line":86,"column":4},"end":{"line":86,"column":51}},"42":{"start":{"line":87,"column":4},"end":{"line":87,"column":43}},"43":{"start":{"line":88,"column":4},"end":{"line":88,"column":60}},"44":{"start":{"line":89,"column":4},"end":{"line":89,"column":75}},"45":{"start":{"line":90,"column":29},"end":{"line":90,"column":64}},"46":{"start":{"line":91,"column":4},"end":{"line":91,"column":35}},"47":{"start":{"line":95,"column":19},"end":{"line":95,"column":21}},"48":{"start":{"line":96,"column":19},"end":{"line":96,"column":42}},"49":{"start":{"line":97,"column":20},"end":{"line":97,"column":37}},"50":{"start":{"line":98,"column":20},"end":{"line":98,"column":46}},"51":{"start":{"line":99,"column":4},"end":{"line":101,"column":7}},"52":{"start":{"line":100,"column":6},"end":{"line":100,"column":43}},"53":{"start":{"line":102,"column":4},"end":{"line":102,"column":18}},"54":{"start":{"line":10,"column":13},"end":{"line":104,"column":null}},"55":{"start":{"line":10,"column":13},"end":{"line":10,"column":25}}},"fnMap":{"0":{"name":"(anonymous_4)","decl":{"start":{"line":12,"column":2},"end":{"line":12,"column":null}},"loc":{"start":{"line":15,"column":41},"end":{"line":16,"column":7}}},"1":{"name":"(anonymous_5)","decl":{"start":{"line":18,"column":9},"end":{"line":18,"column":14}},"loc":{"start":{"line":18,"column":32},"end":{"line":43,"column":3}}},"2":{"name":"(anonymous_6)","decl":{"start":{"line":45,"column":9},"end":{"line":45,"column":14}},"loc":{"start":{"line":45,"column":38},"end":{"line":62,"column":3}}},"3":{"name":"(anonymous_7)","decl":{"start":{"line":48,"column":47},"end":{"line":48,"column":48}},"loc":{"start":{"line":48,"column":56},"end":{"line":50,"column":7}}},"4":{"name":"(anonymous_8)","decl":{"start":{"line":52,"column":8},"end":{"line":52,"column":11}},"loc":{"start":{"line":52,"column":13},"end":{"line":54,"column":9}}},"5":{"name":"(anonymous_9)","decl":{"start":{"line":55,"column":8},"end":{"line":55,"column":9}},"loc":{"start":{"line":55,"column":16},"end":{"line":57,"column":9}}},"6":{"name":"(anonymous_10)","decl":{"start":{"line":64,"column":10},"end":{"line":64,"column":15}},"loc":{"start":{"line":64,"column":40},"end":{"line":79,"column":3}}},"7":{"name":"(anonymous_11)","decl":{"start":{"line":70,"column":6},"end":{"line":70,"column":7}},"loc":{"start":{"line":70,"column":17},"end":{"line":73,"column":7}}},"8":{"name":"(anonymous_12)","decl":{"start":{"line":74,"column":6},"end":{"line":74,"column":7}},"loc":{"start":{"line":74,"column":14},"end":{"line":77,"column":7}}},"9":{"name":"(anonymous_13)","decl":{"start":{"line":81,"column":10},"end":{"line":81,"column":20}},"loc":{"start":{"line":81,"column":25},"end":{"line":92,"column":3}}},"10":{"name":"(anonymous_14)","decl":{"start":{"line":94,"column":10},"end":{"line":94,"column":20}},"loc":{"start":{"line":94,"column":28},"end":{"line":103,"column":3}}},"11":{"name":"(anonymous_15)","decl":{"start":{"line":99,"column":16},"end":{"line":99,"column":17}},"loc":{"start":{"line":99,"column":39},"end":{"line":101,"column":5}}}},"branchMap":{"0":{"loc":{"start":{"line":20,"column":41},"end":{"line":20,"column":67}},"type":"cond-expr","locations":[{"start":{"line":20,"column":41},"end":{"line":20,"column":67}},{"start":{"line":20,"column":70},"end":{"line":20,"column":74}}]},"1":{"loc":{"start":{"line":21,"column":37},"end":{"line":21,"column":61}},"type":"cond-expr","locations":[{"start":{"line":21,"column":37},"end":{"line":21,"column":61}},{"start":{"line":21,"column":64},"end":{"line":21,"column":68}}]},"2":{"loc":{"start":{"line":22,"column":4},"end":{"line":41,"column":null}},"type":"if","locations":[{"start":{"line":22,"column":4},"end":{"line":41,"column":null}},{"start":{"line":22,"column":4},"end":{"line":41,"column":null}}]},"3":{"loc":{"start":{"line":22,"column":8},"end":{"line":22,"column":17}},"type":"binary-expr","locations":[{"start":{"line":22,"column":8},"end":{"line":22,"column":17}},{"start":{"line":22,"column":21},"end":{"line":22,"column":28}}]},"4":{"loc":{"start":{"line":29,"column":11},"end":{"line":41,"column":null}},"type":"if","locations":[{"start":{"line":29,"column":11},"end":{"line":41,"column":null}},{"start":{"line":29,"column":11},"end":{"line":41,"column":null}}]},"5":{"loc":{"start":{"line":29,"column":15},"end":{"line":29,"column":24}},"type":"binary-expr","locations":[{"start":{"line":29,"column":15},"end":{"line":29,"column":24}},{"start":{"line":29,"column":28},"end":{"line":29,"column":36}}]},"6":{"loc":{"start":{"line":35,"column":11},"end":{"line":41,"column":null}},"type":"if","locations":[{"start":{"line":35,"column":11},"end":{"line":41,"column":null}},{"start":{"line":35,"column":11},"end":{"line":41,"column":null}}]},"7":{"loc":{"start":{"line":35,"column":15},"end":{"line":35,"column":25}},"type":"binary-expr","locations":[{"start":{"line":35,"column":15},"end":{"line":35,"column":25}},{"start":{"line":35,"column":29},"end":{"line":35,"column":36}}]}},"s":{"0":0,"1":0,"2":0,"3":0,"4":0,"5":0,"6":0,"7":0,"8":0,"9":0,"10":0,"11":0,"12":0,"13":0,"14":0,"15":0,"16":0,"17":0,"18":0,"19":0,"20":0,"21":0,"22":0,"23":0,"24":0,"25":0,"26":0,"27":0,"28":0,"29":0,"30":0,"31":0,"32":0,"33":0,"34":0,"35":0,"36":0,"37":0,"38":0,"39":0,"40":0,"41":0,"42":0,"43":0,"44":0,"45":0,"46":0,"47":0,"48":0,"49":0,"50":0,"51":0,"52":0,"53":0,"54":0,"55":0},"f":{"0":0,"1":0,"2":0,"3":0,"4":0,"5":0,"6":0,"7":0,"8":0,"9":0,"10":0,"11":0},"b":{"0":[0,0],"1":[0,0],"2":[0,0],"3":[0,0],"4":[0,0],"5":[0,0],"6":[0,0],"7":[0,0]}}
,"/home/sunitha/workspace/interviews/manulife-move-rest-api/src/environments/environment.ts": {"path":"/home/sunitha/workspace/interviews/manulife-move-rest-api/src/environments/environment.ts","statementMap":{"0":{"start":{"line":1,"column":13},"end":{"line":8,"column":2}}},"fnMap":{},"branchMap":{},"s":{"0":0},"f":{},"b":{}}
}
